# JRE version: OpenJDK Runtime Environment (7.0_95) (build 1.7.0_95-b00)
# Java VM: OpenJDK 64-Bit Server VM (24.95-b01 mixed mode linux-amd64 compressed oops)
Heap
 PSYoungGen      total 324608K, used 48614K [0x00000007aaa80000, 0x00000007c5e00000, 0x0000000800000000)
  eden space 275968K, 0% used [0x00000007aaa80000,0x00000007aaa80000,0x00000007bb800000)
  from space 48640K, 99% used [0x00000007c2e80000,0x00000007c5df9ab8,0x00000007c5e00000)
  to   space 41472K, 0% used [0x00000007bb800000,0x00000007bb800000,0x00000007be080000)
 ParOldGen       total 126976K, used 116654K [0x0000000700000000, 0x0000000707c00000, 0x00000007aaa80000)
  object space 126976K, 91% used [0x0000000700000000,0x00000007071eba00,0x0000000707c00000)
 PSPermGen       total 21504K, used 6467K [0x00000006f5a00000, 0x00000006f6f00000, 0x0000000700000000)
  object space 21504K, 30% used [0x00000006f5a00000,0x00000006f6050d78,0x00000006f6f00000)
GC Heap History (10 events):
Event: 34,753 GC heap after
Heap after GC invocations=9 (full 1):
 PSYoungGen      total 227328K, used 493K [0x00000007aaa80000, 0x00000007ba680000, 0x0000000800000000)
  eden space 215040K, 0% used [0x00000007aaa80000,0x00000007aaa80000,0x00000007b7c80000)
  from space 12288K, 4% used [0x00000007b8e80000,0x00000007b8efb468,0x00000007b9a80000)
  to   space 18432K, 0% used [0x00000007b7c80000,0x00000007b7c80000,0x00000007b8e80000)
 ParOldGen       total 66048K, used 35193K [0x0000000700000000, 0x0000000704080000, 0x00000007aaa80000)
  object space 66048K, 53% used [0x0000000700000000,0x000000070225e6c0,0x0000000704080000)
 PSPermGen       total 21504K, used 6327K [0x00000006f5a00000, 0x00000006f6f00000, 0x0000000700000000)
  object space 21504K, 29% used [0x00000006f5a00000,0x00000006f602dfe0,0x00000006f6f00000)
}
Event: 45,597 GC heap before
{Heap before GC invocations=10 (full 1):
 PSYoungGen      total 227328K, used 215533K [0x00000007aaa80000, 0x00000007ba680000, 0x0000000800000000)
  eden space 215040K, 100% used [0x00000007aaa80000,0x00000007b7c80000,0x00000007b7c80000)
  from space 12288K, 4% used [0x00000007b8e80000,0x00000007b8efb468,0x00000007b9a80000)
  to   space 18432K, 0% used [0x00000007b7c80000,0x00000007b7c80000,0x00000007b8e80000)
 ParOldGen       total 66048K, used 35193K [0x0000000700000000, 0x0000000704080000, 0x00000007aaa80000)
  object space 66048K, 53% used [0x0000000700000000,0x000000070225e6c0,0x0000000704080000)
 PSPermGen       total 21504K, used 6408K [0x00000006f5a00000, 0x00000006f6f00000, 0x0000000700000000)
  object space 21504K, 29% used [0x00000006f5a00000,0x00000006f6042090,0x00000006f6f00000)
Event: 45,845 GC heap after
Heap after GC invocations=10 (full 1):
 PSYoungGen      total 233472K, used 18412K [0x00000007aaa80000, 0x00000007bfb00000, 0x0000000800000000)
  eden space 215040K, 0% used [0x00000007aaa80000,0x00000007aaa80000,0x00000007b7c80000)
  from space 18432K, 99% used [0x00000007b7c80000,0x00000007b8e7b2f8,0x00000007b8e80000)
  to   space 27136K, 0% used [0x00000007be080000,0x00000007be080000,0x00000007bfb00000)
 ParOldGen       total 66048K, used 48688K [0x0000000700000000, 0x0000000704080000, 0x00000007aaa80000)
  object space 66048K, 73% used [0x0000000700000000,0x0000000702f8c290,0x0000000704080000)
 PSPermGen       total 21504K, used 6408K [0x00000006f5a00000, 0x00000006f6f00000, 0x0000000700000000)
  object space 21504K, 29% used [0x00000006f5a00000,0x00000006f6042090,0x00000006f6f00000)
}
Event: 52,417 GC heap before
{Heap before GC invocations=11 (full 1):
 PSYoungGen      total 233472K, used 233452K [0x00000007aaa80000, 0x00000007bfb00000, 0x0000000800000000)
  eden space 215040K, 100% used [0x00000007aaa80000,0x00000007b7c80000,0x00000007b7c80000)
  from space 18432K, 99% used [0x00000007b7c80000,0x00000007b8e7b2f8,0x00000007b8e80000)
  to   space 27136K, 0% used [0x00000007be080000,0x00000007be080000,0x00000007bfb00000)
 ParOldGen       total 66048K, used 48688K [0x0000000700000000, 0x0000000704080000, 0x00000007aaa80000)
  object space 66048K, 73% used [0x0000000700000000,0x0000000702f8c290,0x0000000704080000)
 PSPermGen       total 21504K, used 6434K [0x00000006f5a00000, 0x00000006f6f00000, 0x0000000700000000)
  object space 21504K, 29% used [0x00000006f5a00000,0x00000006f6048950,0x00000006f6f00000)
Event: 52,863 GC heap after
Heap after GC invocations=11 (full 1):
 PSYoungGen      total 303104K, used 27114K [0x00000007aaa80000, 0x00000007c1880000, 0x0000000800000000)
  eden space 275968K, 0% used [0x00000007aaa80000,0x00000007aaa80000,0x00000007bb800000)
  from space 27136K, 99% used [0x00000007be080000,0x00000007bfafa898,0x00000007bfb00000)
  to   space 41472K, 0% used [0x00000007bb800000,0x00000007bb800000,0x00000007be080000)
 ParOldGen       total 74752K, used 74683K [0x0000000700000000, 0x0000000704900000, 0x00000007aaa80000)
  object space 74752K, 99% used [0x0000000700000000,0x00000007048eefd8,0x0000000704900000)
 PSPermGen       total 21504K, used 6434K [0x00000006f5a00000, 0x00000006f6f00000, 0x0000000700000000)
  object space 21504K, 29% used [0x00000006f5a00000,0x00000006f6048950,0x00000006f6f00000)
}
Event: 52,863 GC heap before
{Heap before GC invocations=12 (full 2):
 PSYoungGen      total 303104K, used 27114K [0x00000007aaa80000, 0x00000007c1880000, 0x0000000800000000)
  eden space 275968K, 0% used [0x00000007aaa80000,0x00000007aaa80000,0x00000007bb800000)
  from space 27136K, 99% used [0x00000007be080000,0x00000007bfafa898,0x00000007bfb00000)
  to   space 41472K, 0% used [0x00000007bb800000,0x00000007bb800000,0x00000007be080000)
 ParOldGen       total 74752K, used 74683K [0x0000000700000000, 0x0000000704900000, 0x00000007aaa80000)
  object space 74752K, 99% used [0x0000000700000000,0x00000007048eefd8,0x0000000704900000)
 PSPermGen       total 21504K, used 6434K [0x00000006f5a00000, 0x00000006f6f00000, 0x0000000700000000)
  object space 21504K, 29% used [0x00000006f5a00000,0x00000006f6048950,0x00000006f6f00000)
Event: 55,393 GC heap after
Heap after GC invocations=12 (full 2):
 PSYoungGen      total 303104K, used 24941K [0x00000007aaa80000, 0x00000007c1880000, 0x0000000800000000)
  eden space 275968K, 0% used [0x00000007aaa80000,0x00000007aaa80000,0x00000007bb800000)
  from space 27136K, 91% used [0x00000007be080000,0x00000007bf8db7c8,0x00000007bfb00000)
  to   space 41472K, 0% used [0x00000007bb800000,0x00000007bb800000,0x00000007be080000)
 ParOldGen       total 126976K, used 74284K [0x0000000700000000, 0x0000000707c00000, 0x00000007aaa80000)
  object space 126976K, 58% used [0x0000000700000000,0x000000070488b108,0x0000000707c00000)
 PSPermGen       total 21504K, used 6432K [0x00000006f5a00000, 0x00000006f6f00000, 0x0000000700000000)
  object space 21504K, 29% used [0x00000006f5a00000,0x00000006f60483d0,0x00000006f6f00000)
}
Event: 61,072 GC heap before
{Heap before GC invocations=13 (full 2):
 PSYoungGen      total 303104K, used 300909K [0x00000007aaa80000, 0x00000007c1880000, 0x0000000800000000)
  eden space 275968K, 100% used [0x00000007aaa80000,0x00000007bb800000,0x00000007bb800000)
  from space 27136K, 91% used [0x00000007be080000,0x00000007bf8db7c8,0x00000007bfb00000)
  to   space 41472K, 0% used [0x00000007bb800000,0x00000007bb800000,0x00000007be080000)
 ParOldGen       total 126976K, used 74284K [0x0000000700000000, 0x0000000707c00000, 0x00000007aaa80000)
  object space 126976K, 58% used [0x0000000700000000,0x000000070488b108,0x0000000707c00000)
 PSPermGen       total 21504K, used 6448K [0x00000006f5a00000, 0x00000006f6f00000, 0x0000000700000000)
  object space 21504K, 29% used [0x00000006f5a00000,0x00000006f604c000,0x00000006f6f00000)
Event: 61,811 GC heap after
Heap after GC invocations=13 (full 2):
 PSYoungGen      total 317440K, used 40959K [0x00000007aaa80000, 0x00000007c5e00000, 0x0000000800000000)
  eden space 275968K, 0% used [0x00000007aaa80000,0x00000007aaa80000,0x00000007bb800000)
  from space 41472K, 98% used [0x00000007bb800000,0x00000007bdfffe48,0x00000007be080000)
  to   space 48640K, 0% used [0x00000007c2e80000,0x00000007c2e80000,0x00000007c5e00000)
 ParOldGen       total 126976K, used 99064K [0x0000000700000000, 0x0000000707c00000, 0x00000007aaa80000)
  object space 126976K, 78% used [0x0000000700000000,0x00000007060be0c8,0x0000000707c00000)
 PSPermGen       total 21504K, used 6448K [0x00000006f5a00000, 0x00000006f6f00000, 0x0000000700000000)
  object space 21504K, 29% used [0x00000006f5a00000,0x00000006f604c000,0x00000006f6f00000)
}
Event: 64,988 GC heap before
{Heap before GC invocations=14 (full 2):
 PSYoungGen      total 317440K, used 316927K [0x00000007aaa80000, 0x00000007c5e00000, 0x0000000800000000)
  eden space 275968K, 100% used [0x00000007aaa80000,0x00000007bb800000,0x00000007bb800000)
  from space 41472K, 98% used [0x00000007bb800000,0x00000007bdfffe48,0x00000007be080000)
  to   space 48640K, 0% used [0x00000007c2e80000,0x00000007c2e80000,0x00000007c5e00000)
 ParOldGen       total 126976K, used 99064K [0x0000000700000000, 0x0000000707c00000, 0x00000007aaa80000)
  object space 126976K, 78% used [0x0000000700000000,0x00000007060be0c8,0x0000000707c00000)
 PSPermGen       total 21504K, used 6467K [0x00000006f5a00000, 0x00000006f6f00000, 0x0000000700000000)
  object space 21504K, 30% used [0x00000006f5a00000,0x00000006f6050d78,0x00000006f6f00000)

