# JRE version: OpenJDK Runtime Environment (7.0_95) (build 1.7.0_95-b00)
# Java VM: OpenJDK 64-Bit Server VM (24.95-b01 mixed mode linux-amd64 compressed oops)
Heap
 PSYoungGen      total 572416K, used 49495K [0x00000007aaa80000, 0x00000007de380000, 0x0000000800000000)
  eden space 460288K, 0% used [0x00000007aaa80000,0x00000007aaa80000,0x00000007c6c00000)
  from space 112128K, 44% used [0x00000007c6c00000,0x00000007c9c55cb0,0x00000007cd980000)
  to   space 157184K, 0% used [0x00000007d4a00000,0x00000007d4a00000,0x00000007de380000)
 ParOldGen       total 415744K, used 415739K [0x0000000700000000, 0x0000000719600000, 0x00000007aaa80000)
  object space 415744K, 99% used [0x0000000700000000,0x00000007195fecc0,0x0000000719600000)
 PSPermGen       total 21504K, used 6592K [0x00000006f5a00000, 0x00000006f6f00000, 0x0000000700000000)
  object space 21504K, 30% used [0x00000006f5a00000,0x00000006f6070128,0x00000006f6f00000)
GC Heap History (10 events):
Event: 76,904 GC heap after
Heap after GC invocations=18 (full 4):
 PSYoungGen      total 454656K, used 61693K [0x00000007aaa80000, 0x00000007cfa00000, 0x0000000800000000)
  eden space 384000K, 0% used [0x00000007aaa80000,0x00000007aaa80000,0x00000007c2180000)
  from space 70656K, 87% used [0x00000007c7d80000,0x00000007cb9bf698,0x00000007cc280000)
  to   space 94208K, 0% used [0x00000007c2180000,0x00000007c2180000,0x00000007c7d80000)
 ParOldGen       total 286720K, used 190437K [0x0000000700000000, 0x0000000711800000, 0x00000007aaa80000)
  object space 286720K, 66% used [0x0000000700000000,0x000000070b9f97c8,0x0000000711800000)
 PSPermGen       total 21504K, used 6508K [0x00000006f5a00000, 0x00000006f6f00000, 0x0000000700000000)
  object space 21504K, 30% used [0x00000006f5a00000,0x00000006f605b220,0x00000006f6f00000)
}
Event: 81,713 GC heap before
{Heap before GC invocations=19 (full 4):
 PSYoungGen      total 454656K, used 445693K [0x00000007aaa80000, 0x00000007cfa00000, 0x0000000800000000)
  eden space 384000K, 100% used [0x00000007aaa80000,0x00000007c2180000,0x00000007c2180000)
  from space 70656K, 87% used [0x00000007c7d80000,0x00000007cb9bf698,0x00000007cc280000)
  to   space 94208K, 0% used [0x00000007c2180000,0x00000007c2180000,0x00000007c7d80000)
 ParOldGen       total 286720K, used 190437K [0x0000000700000000, 0x0000000711800000, 0x00000007aaa80000)
  object space 286720K, 66% used [0x0000000700000000,0x000000070b9f97c8,0x0000000711800000)
 PSPermGen       total 21504K, used 6517K [0x00000006f5a00000, 0x00000006f6f00000, 0x0000000700000000)
  object space 21504K, 30% used [0x00000006f5a00000,0x00000006f605d480,0x00000006f6f00000)
Event: 82,623 GC heap after
Heap after GC invocations=19 (full 4):
 PSYoungGen      total 478208K, used 61591K [0x00000007aaa80000, 0x00000007d3a00000, 0x0000000800000000)
  eden space 384000K, 0% used [0x00000007aaa80000,0x00000007aaa80000,0x00000007c2180000)
  from space 94208K, 65% used [0x00000007c2180000,0x00000007c5da5c98,0x00000007c7d80000)
  to   space 98816K, 0% used [0x00000007cd980000,0x00000007cd980000,0x00000007d3a00000)
 ParOldGen       total 286720K, used 252681K [0x0000000700000000, 0x0000000711800000, 0x00000007aaa80000)
  object space 286720K, 88% used [0x0000000700000000,0x000000070f6c2650,0x0000000711800000)
 PSPermGen       total 21504K, used 6517K [0x00000006f5a00000, 0x00000006f6f00000, 0x0000000700000000)
  object space 21504K, 30% used [0x00000006f5a00000,0x00000006f605d480,0x00000006f6f00000)
}
Event: 82,624 GC heap before
{Heap before GC invocations=20 (full 5):
 PSYoungGen      total 478208K, used 61591K [0x00000007aaa80000, 0x00000007d3a00000, 0x0000000800000000)
  eden space 384000K, 0% used [0x00000007aaa80000,0x00000007aaa80000,0x00000007c2180000)
  from space 94208K, 65% used [0x00000007c2180000,0x00000007c5da5c98,0x00000007c7d80000)
  to   space 98816K, 0% used [0x00000007cd980000,0x00000007cd980000,0x00000007d3a00000)
 ParOldGen       total 286720K, used 252681K [0x0000000700000000, 0x0000000711800000, 0x00000007aaa80000)
  object space 286720K, 88% used [0x0000000700000000,0x000000070f6c2650,0x0000000711800000)
 PSPermGen       total 21504K, used 6517K [0x00000006f5a00000, 0x00000006f6f00000, 0x0000000700000000)
  object space 21504K, 30% used [0x00000006f5a00000,0x00000006f605d480,0x00000006f6f00000)
Event: 86,112 GC heap after
Heap after GC invocations=20 (full 5):
 PSYoungGen      total 478208K, used 23326K [0x00000007aaa80000, 0x00000007d3a00000, 0x0000000800000000)
  eden space 384000K, 0% used [0x00000007aaa80000,0x00000007aaa80000,0x00000007c2180000)
  from space 94208K, 24% used [0x00000007c2180000,0x00000007c3847b30,0x00000007c7d80000)
  to   space 98816K, 0% used [0x00000007cd980000,0x00000007cd980000,0x00000007d3a00000)
 ParOldGen       total 415744K, used 286709K [0x0000000700000000, 0x0000000719600000, 0x00000007aaa80000)
  object space 415744K, 68% used [0x0000000700000000,0x00000007117fd7d8,0x0000000719600000)
 PSPermGen       total 21504K, used 6516K [0x00000006f5a00000, 0x00000006f6f00000, 0x0000000700000000)
  object space 21504K, 30% used [0x00000006f5a00000,0x00000006f605d3e0,0x00000006f6f00000)
}
Event: 90,492 GC heap before
{Heap before GC invocations=21 (full 5):
 PSYoungGen      total 478208K, used 407326K [0x00000007aaa80000, 0x00000007d3a00000, 0x0000000800000000)
  eden space 384000K, 100% used [0x00000007aaa80000,0x00000007c2180000,0x00000007c2180000)
  from space 94208K, 24% used [0x00000007c2180000,0x00000007c3847b30,0x00000007c7d80000)
  to   space 98816K, 0% used [0x00000007cd980000,0x00000007cd980000,0x00000007d3a00000)
 ParOldGen       total 415744K, used 286720K [0x0000000700000000, 0x0000000719600000, 0x00000007aaa80000)
  object space 415744K, 68% used [0x0000000700000000,0x0000000711800020,0x0000000719600000)
 PSPermGen       total 21504K, used 6567K [0x00000006f5a00000, 0x00000006f6f00000, 0x0000000700000000)
  object space 21504K, 30% used [0x00000006f5a00000,0x00000006f6069df8,0x00000006f6f00000)
Event: 91,738 GC heap after
Heap after GC invocations=21 (full 5):
 PSYoungGen      total 559104K, used 87989K [0x00000007aaa80000, 0x00000007d4800000, 0x0000000800000000)
  eden space 460288K, 0% used [0x00000007aaa80000,0x00000007aaa80000,0x00000007c6c00000)
  from space 98816K, 89% used [0x00000007cd980000,0x00000007d2f6d490,0x00000007d3a00000)
  to   space 112128K, 0% used [0x00000007c6c00000,0x00000007c6c00000,0x00000007cd980000)
 ParOldGen       total 415744K, used 286720K [0x0000000700000000, 0x0000000719600000, 0x00000007aaa80000)
  object space 415744K, 68% used [0x0000000700000000,0x0000000711800020,0x0000000719600000)
 PSPermGen       total 21504K, used 6567K [0x00000006f5a00000, 0x00000006f6f00000, 0x0000000700000000)
  object space 21504K, 30% used [0x00000006f5a00000,0x00000006f6069df8,0x00000006f6f00000)
}
Event: 95,807 GC heap before
{Heap before GC invocations=22 (full 5):
 PSYoungGen      total 559104K, used 548277K [0x00000007aaa80000, 0x00000007d4800000, 0x0000000800000000)
  eden space 460288K, 100% used [0x00000007aaa80000,0x00000007c6c00000,0x00000007c6c00000)
  from space 98816K, 89% used [0x00000007cd980000,0x00000007d2f6d490,0x00000007d3a00000)
  to   space 112128K, 0% used [0x00000007c6c00000,0x00000007c6c00000,0x00000007cd980000)
 ParOldGen       total 415744K, used 286739K [0x0000000700000000, 0x0000000719600000, 0x00000007aaa80000)
  object space 415744K, 68% used [0x0000000700000000,0x0000000711804ce0,0x0000000719600000)
 PSPermGen       total 21504K, used 6592K [0x00000006f5a00000, 0x00000006f6f00000, 0x0000000700000000)
  object space 21504K, 30% used [0x00000006f5a00000,0x00000006f60701a8,0x00000006f6f00000)
Event: 96,718 GC heap after
Heap after GC invocations=22 (full 5):
 PSYoungGen      total 572416K, used 112115K [0x00000007aaa80000, 0x00000007de380000, 0x0000000800000000)
  eden space 460288K, 0% used [0x00000007aaa80000,0x00000007aaa80000,0x00000007c6c00000)
  from space 112128K, 99% used [0x00000007c6c00000,0x00000007cd97ce90,0x00000007cd980000)
  to   space 157184K, 0% used [0x00000007d4a00000,0x00000007d4a00000,0x00000007de380000)
 ParOldGen       total 415744K, used 356218K [0x0000000700000000, 0x0000000719600000, 0x00000007aaa80000)
  object space 415744K, 85% used [0x0000000700000000,0x0000000715bdea48,0x0000000719600000)
 PSPermGen       total 21504K, used 6592K [0x00000006f5a00000, 0x00000006f6f00000, 0x0000000700000000)
  object space 21504K, 30% used [0x00000006f5a00000,0x00000006f60701a8,0x00000006f6f00000)
}
Event: 96,718 GC heap before
{Heap before GC invocations=23 (full 6):
 PSYoungGen      total 572416K, used 112115K [0x00000007aaa80000, 0x00000007de380000, 0x0000000800000000)
  eden space 460288K, 0% used [0x00000007aaa80000,0x00000007aaa80000,0x00000007c6c00000)
  from space 112128K, 99% used [0x00000007c6c00000,0x00000007cd97ce90,0x00000007cd980000)
  to   space 157184K, 0% used [0x00000007d4a00000,0x00000007d4a00000,0x00000007de380000)
 ParOldGen       total 415744K, used 356218K [0x0000000700000000, 0x0000000719600000, 0x00000007aaa80000)
  object space 415744K, 85% used [0x0000000700000000,0x0000000715bdea48,0x0000000719600000)
 PSPermGen       total 21504K, used 6592K [0x00000006f5a00000, 0x00000006f6f00000, 0x0000000700000000)
  object space 21504K, 30% used [0x00000006f5a00000,0x00000006f60701a8,0x00000006f6f00000)

