# JRE version: OpenJDK Runtime Environment (7.0_95) (build 1.7.0_95-b00)
# Java VM: OpenJDK 64-Bit Server VM (24.95-b01 mixed mode linux-amd64 compressed oops)
Heap
 PSYoungGen      total 584704K, used 59690K [0x00000007aaa80000, 0x00000007d9c80000, 0x0000000800000000)
  eden space 462848K, 0% used [0x00000007aaa80000,0x00000007aaa80000,0x00000007c6e80000)
  from space 121856K, 48% used [0x00000007cfb00000,0x00000007d354aa00,0x00000007d7200000)
  to   space 143872K, 0% used [0x00000007c6e80000,0x00000007c6e80000,0x00000007cfb00000)
 ParOldGen       total 423424K, used 423066K [0x0000000700000000, 0x0000000719d80000, 0x00000007aaa80000)
  object space 423424K, 99% used [0x0000000700000000,0x0000000719d268d0,0x0000000719d80000)
 PSPermGen       total 21504K, used 6589K [0x00000006f5a00000, 0x00000006f6f00000, 0x0000000700000000)
  object space 21504K, 30% used [0x00000006f5a00000,0x00000006f606f568,0x00000006f6f00000)
GC Heap History (10 events):
Event: 70,041 GC heap after
Heap after GC invocations=19 (full 4):
 PSYoungGen      total 450560K, used 56888K [0x00000007aaa80000, 0x00000007d1700000, 0x0000000800000000)
  eden space 358912K, 0% used [0x00000007aaa80000,0x00000007aaa80000,0x00000007c0900000)
  from space 91648K, 62% used [0x00000007c0900000,0x00000007c408e008,0x00000007c6280000)
  to   space 95232K, 0% used [0x00000007cba00000,0x00000007cba00000,0x00000007d1700000)
 ParOldGen       total 295936K, used 248383K [0x0000000700000000, 0x0000000712100000, 0x00000007aaa80000)
  object space 295936K, 83% used [0x0000000700000000,0x000000070f28fd68,0x0000000712100000)
 PSPermGen       total 21504K, used 6508K [0x00000006f5a00000, 0x00000006f6f00000, 0x0000000700000000)
  object space 21504K, 30% used [0x00000006f5a00000,0x00000006f605b248,0x00000006f6f00000)
}
Event: 72,253 GC heap before
{Heap before GC invocations=20 (full 4):
 PSYoungGen      total 450560K, used 415800K [0x00000007aaa80000, 0x00000007d1700000, 0x0000000800000000)
  eden space 358912K, 100% used [0x00000007aaa80000,0x00000007c0900000,0x00000007c0900000)
  from space 91648K, 62% used [0x00000007c0900000,0x00000007c408e008,0x00000007c6280000)
  to   space 95232K, 0% used [0x00000007cba00000,0x00000007cba00000,0x00000007d1700000)
 ParOldGen       total 295936K, used 248383K [0x0000000700000000, 0x0000000712100000, 0x00000007aaa80000)
  object space 295936K, 83% used [0x0000000700000000,0x000000070f28fd68,0x0000000712100000)
 PSPermGen       total 21504K, used 6560K [0x00000006f5a00000, 0x00000006f6f00000, 0x0000000700000000)
  object space 21504K, 30% used [0x00000006f5a00000,0x00000006f60680c0,0x00000006f6f00000)
Event: 72,912 GC heap after
Heap after GC invocations=20 (full 4):
 PSYoungGen      total 515584K, used 95225K [0x00000007aaa80000, 0x00000007d5700000, 0x0000000800000000)
  eden space 420352K, 0% used [0x00000007aaa80000,0x00000007aaa80000,0x00000007c4500000)
  from space 95232K, 99% used [0x00000007cba00000,0x00000007d16fe468,0x00000007d1700000)
  to   space 119808K, 0% used [0x00000007c4500000,0x00000007c4500000,0x00000007cba00000)
 ParOldGen       total 295936K, used 270876K [0x0000000700000000, 0x0000000712100000, 0x00000007aaa80000)
  object space 295936K, 91% used [0x0000000700000000,0x0000000710887240,0x0000000712100000)
 PSPermGen       total 21504K, used 6560K [0x00000006f5a00000, 0x00000006f6f00000, 0x0000000700000000)
  object space 21504K, 30% used [0x00000006f5a00000,0x00000006f60680c0,0x00000006f6f00000)
}
Event: 72,913 GC heap before
{Heap before GC invocations=21 (full 5):
 PSYoungGen      total 515584K, used 95225K [0x00000007aaa80000, 0x00000007d5700000, 0x0000000800000000)
  eden space 420352K, 0% used [0x00000007aaa80000,0x00000007aaa80000,0x00000007c4500000)
  from space 95232K, 99% used [0x00000007cba00000,0x00000007d16fe468,0x00000007d1700000)
  to   space 119808K, 0% used [0x00000007c4500000,0x00000007c4500000,0x00000007cba00000)
 ParOldGen       total 295936K, used 270876K [0x0000000700000000, 0x0000000712100000, 0x00000007aaa80000)
  object space 295936K, 91% used [0x0000000700000000,0x0000000710887240,0x0000000712100000)
 PSPermGen       total 21504K, used 6560K [0x00000006f5a00000, 0x00000006f6f00000, 0x0000000700000000)
  object space 21504K, 30% used [0x00000006f5a00000,0x00000006f60680c0,0x00000006f6f00000)
Event: 77,365 GC heap after
Heap after GC invocations=21 (full 5):
 PSYoungGen      total 515584K, used 65803K [0x00000007aaa80000, 0x00000007d5700000, 0x0000000800000000)
  eden space 420352K, 0% used [0x00000007aaa80000,0x00000007aaa80000,0x00000007c4500000)
  from space 95232K, 69% used [0x00000007cba00000,0x00000007cfa42f58,0x00000007d1700000)
  to   space 119808K, 0% used [0x00000007c4500000,0x00000007c4500000,0x00000007cba00000)
 ParOldGen       total 423424K, used 295567K [0x0000000700000000, 0x0000000719d80000, 0x00000007aaa80000)
  object space 423424K, 69% used [0x0000000700000000,0x00000007120a3e50,0x0000000719d80000)
 PSPermGen       total 21504K, used 6560K [0x00000006f5a00000, 0x00000006f6f00000, 0x0000000700000000)
  object space 21504K, 30% used [0x00000006f5a00000,0x00000006f6068060,0x00000006f6f00000)
}
Event: 79,849 GC heap before
{Heap before GC invocations=22 (full 5):
 PSYoungGen      total 515584K, used 486155K [0x00000007aaa80000, 0x00000007d5700000, 0x0000000800000000)
  eden space 420352K, 100% used [0x00000007aaa80000,0x00000007c4500000,0x00000007c4500000)
  from space 95232K, 69% used [0x00000007cba00000,0x00000007cfa42f58,0x00000007d1700000)
  to   space 119808K, 0% used [0x00000007c4500000,0x00000007c4500000,0x00000007cba00000)
 ParOldGen       total 423424K, used 295567K [0x0000000700000000, 0x0000000719d80000, 0x00000007aaa80000)
  object space 423424K, 69% used [0x0000000700000000,0x00000007120a3e50,0x0000000719d80000)
 PSPermGen       total 21504K, used 6584K [0x00000006f5a00000, 0x00000006f6f00000, 0x0000000700000000)
  object space 21504K, 30% used [0x00000006f5a00000,0x00000006f606e108,0x00000006f6f00000)
Event: 80,747 GC heap after
Heap after GC invocations=22 (full 5):
 PSYoungGen      total 540160K, used 67962K [0x00000007aaa80000, 0x00000007d7200000, 0x0000000800000000)
  eden space 420352K, 0% used [0x00000007aaa80000,0x00000007aaa80000,0x00000007c4500000)
  from space 119808K, 56% used [0x00000007c4500000,0x00000007c875ea28,0x00000007cba00000)
  to   space 121856K, 0% used [0x00000007cfb00000,0x00000007cfb00000,0x00000007d7200000)
 ParOldGen       total 423424K, used 361187K [0x0000000700000000, 0x0000000719d80000, 0x00000007aaa80000)
  object space 423424K, 85% used [0x0000000700000000,0x00000007160b8ce8,0x0000000719d80000)
 PSPermGen       total 21504K, used 6584K [0x00000006f5a00000, 0x00000006f6f00000, 0x0000000700000000)
  object space 21504K, 30% used [0x00000006f5a00000,0x00000006f606e108,0x00000006f6f00000)
}
Event: 87,328 GC heap before
{Heap before GC invocations=23 (full 5):
 PSYoungGen      total 540160K, used 488314K [0x00000007aaa80000, 0x00000007d7200000, 0x0000000800000000)
  eden space 420352K, 100% used [0x00000007aaa80000,0x00000007c4500000,0x00000007c4500000)
  from space 119808K, 56% used [0x00000007c4500000,0x00000007c875ea28,0x00000007cba00000)
  to   space 121856K, 0% used [0x00000007cfb00000,0x00000007cfb00000,0x00000007d7200000)
 ParOldGen       total 423424K, used 361187K [0x0000000700000000, 0x0000000719d80000, 0x00000007aaa80000)
  object space 423424K, 85% used [0x0000000700000000,0x00000007160b8ce8,0x0000000719d80000)
 PSPermGen       total 21504K, used 6589K [0x00000006f5a00000, 0x00000006f6f00000, 0x0000000700000000)
  object space 21504K, 30% used [0x00000006f5a00000,0x00000006f606f588,0x00000006f6f00000)
Event: 88,247 GC heap after
Heap after GC invocations=23 (full 5):
 PSYoungGen      total 584704K, used 121836K [0x00000007aaa80000, 0x00000007d9c80000, 0x0000000800000000)
  eden space 462848K, 0% used [0x00000007aaa80000,0x00000007aaa80000,0x00000007c6e80000)
  from space 121856K, 99% used [0x00000007cfb00000,0x00000007d71fb3e0,0x00000007d7200000)
  to   space 143872K, 0% used [0x00000007c6e80000,0x00000007c6e80000,0x00000007cfb00000)
 ParOldGen       total 423424K, used 365006K [0x0000000700000000, 0x0000000719d80000, 0x00000007aaa80000)
  object space 423424K, 86% used [0x0000000700000000,0x0000000716473a98,0x0000000719d80000)
 PSPermGen       total 21504K, used 6589K [0x00000006f5a00000, 0x00000006f6f00000, 0x0000000700000000)
  object space 21504K, 30% used [0x00000006f5a00000,0x00000006f606f588,0x00000006f6f00000)
}
Event: 88,254 GC heap before
{Heap before GC invocations=24 (full 6):
 PSYoungGen      total 584704K, used 121836K [0x00000007aaa80000, 0x00000007d9c80000, 0x0000000800000000)
  eden space 462848K, 0% used [0x00000007aaa80000,0x00000007aaa80000,0x00000007c6e80000)
  from space 121856K, 99% used [0x00000007cfb00000,0x00000007d71fb3e0,0x00000007d7200000)
  to   space 143872K, 0% used [0x00000007c6e80000,0x00000007c6e80000,0x00000007cfb00000)
 ParOldGen       total 423424K, used 365006K [0x0000000700000000, 0x0000000719d80000, 0x00000007aaa80000)
  object space 423424K, 86% used [0x0000000700000000,0x0000000716473a98,0x0000000719d80000)
 PSPermGen       total 21504K, used 6589K [0x00000006f5a00000, 0x00000006f6f00000, 0x0000000700000000)
  object space 21504K, 30% used [0x00000006f5a00000,0x00000006f606f588,0x00000006f6f00000)

