# JRE version: Java(TM) SE Runtime Environment (7.0_80-b15) (build 1.7.0_80-b15)
# Java VM: Java HotSpot(TM) 64-Bit Server VM (24.80-b11 mixed mode linux-amd64 compressed oops)
Heap
 PSYoungGen      total 639488K, used 162300K [0x00000007aaa80000, 0x00000007de780000, 0x0000000800000000)
  eden space 477184K, 0% used [0x00000007aaa80000,0x00000007aaa80000,0x00000007c7c80000)
  from space 162304K, 99% used [0x00000007d4900000,0x00000007de77f228,0x00000007de780000)
  to   space 144384K, 0% used [0x00000007c7c80000,0x00000007c7c80000,0x00000007d0980000)
 ParOldGen       total 766464K, used 584001K [0x0000000700000000, 0x000000072ec80000, 0x00000007aaa80000)
  object space 766464K, 76% used [0x0000000700000000,0x0000000723a507b0,0x000000072ec80000)
 PSPermGen       total 21504K, used 6272K [0x00000006fae00000, 0x00000006fc300000, 0x0000000700000000)
  object space 21504K, 29% used [0x00000006fae00000,0x00000006fb420210,0x00000006fc300000)
GC Heap History (10 events):
Event: 93,617 GC heap after
Heap after GC invocations=28 (full 6):
 PSYoungGen      total 555520K, used 134129K [0x00000007aaa80000, 0x00000007d8f80000, 0x0000000800000000)
  eden space 421376K, 0% used [0x00000007aaa80000,0x00000007aaa80000,0x00000007c4600000)
  from space 134144K, 99% used [0x00000007ce200000,0x00000007d64fc738,0x00000007d6500000)
  to   space 159744K, 0% used [0x00000007c4600000,0x00000007c4600000,0x00000007ce200000)
 ParOldGen       total 622592K, used 449928K [0x0000000700000000, 0x0000000726000000, 0x00000007aaa80000)
  object space 622592K, 72% used [0x0000000700000000,0x000000071b762008,0x0000000726000000)
 PSPermGen       total 21504K, used 6264K [0x00000006fae00000, 0x00000006fc300000, 0x0000000700000000)
  object space 21504K, 29% used [0x00000006fae00000,0x00000006fb41e0b0,0x00000006fc300000)
}
Event: 95,211 GC heap before
{Heap before GC invocations=29 (full 6):
 PSYoungGen      total 555520K, used 555505K [0x00000007aaa80000, 0x00000007d8f80000, 0x0000000800000000)
  eden space 421376K, 100% used [0x00000007aaa80000,0x00000007c4600000,0x00000007c4600000)
  from space 134144K, 99% used [0x00000007ce200000,0x00000007d64fc738,0x00000007d6500000)
  to   space 159744K, 0% used [0x00000007c4600000,0x00000007c4600000,0x00000007ce200000)
 ParOldGen       total 622592K, used 449928K [0x0000000700000000, 0x0000000726000000, 0x00000007aaa80000)
  object space 622592K, 72% used [0x0000000700000000,0x000000071b762008,0x0000000726000000)
 PSPermGen       total 21504K, used 6264K [0x00000006fae00000, 0x00000006fc300000, 0x0000000700000000)
  object space 21504K, 29% used [0x00000006fae00000,0x00000006fb41e0b0,0x00000006fc300000)
Event: 95,823 GC heap after
Heap after GC invocations=29 (full 6):
 PSYoungGen      total 581120K, used 68184K [0x00000007aaa80000, 0x00000007db580000, 0x0000000800000000)
  eden space 421376K, 0% used [0x00000007aaa80000,0x00000007aaa80000,0x00000007c4600000)
  from space 159744K, 42% used [0x00000007c4600000,0x00000007c8896170,0x00000007ce200000)
  to   space 153088K, 0% used [0x00000007d2000000,0x00000007d2000000,0x00000007db580000)
 ParOldGen       total 622592K, used 562609K [0x0000000700000000, 0x0000000726000000, 0x00000007aaa80000)
  object space 622592K, 90% used [0x0000000700000000,0x000000072256c570,0x0000000726000000)
 PSPermGen       total 21504K, used 6264K [0x00000006fae00000, 0x00000006fc300000, 0x0000000700000000)
  object space 21504K, 29% used [0x00000006fae00000,0x00000006fb41e0b0,0x00000006fc300000)
}
Event: 95,823 GC heap before
{Heap before GC invocations=30 (full 7):
 PSYoungGen      total 581120K, used 68184K [0x00000007aaa80000, 0x00000007db580000, 0x0000000800000000)
  eden space 421376K, 0% used [0x00000007aaa80000,0x00000007aaa80000,0x00000007c4600000)
  from space 159744K, 42% used [0x00000007c4600000,0x00000007c8896170,0x00000007ce200000)
  to   space 153088K, 0% used [0x00000007d2000000,0x00000007d2000000,0x00000007db580000)
 ParOldGen       total 622592K, used 562609K [0x0000000700000000, 0x0000000726000000, 0x00000007aaa80000)
  object space 622592K, 90% used [0x0000000700000000,0x000000072256c570,0x0000000726000000)
 PSPermGen       total 21504K, used 6264K [0x00000006fae00000, 0x00000006fc300000, 0x0000000700000000)
  object space 21504K, 29% used [0x00000006fae00000,0x00000006fb41e0b0,0x00000006fc300000)
Event: 99,619 GC heap after
Heap after GC invocations=30 (full 7):
 PSYoungGen      total 581120K, used 0K [0x00000007aaa80000, 0x00000007db580000, 0x0000000800000000)
  eden space 421376K, 0% used [0x00000007aaa80000,0x00000007aaa80000,0x00000007c4600000)
  from space 159744K, 0% used [0x00000007c4600000,0x00000007c4600000,0x00000007ce200000)
  to   space 153088K, 0% used [0x00000007d2000000,0x00000007d2000000,0x00000007db580000)
 ParOldGen       total 766464K, used 544481K [0x0000000700000000, 0x000000072ec80000, 0x00000007aaa80000)
  object space 766464K, 71% used [0x0000000700000000,0x00000007213b85d0,0x000000072ec80000)
 PSPermGen       total 21504K, used 6264K [0x00000006fae00000, 0x00000006fc300000, 0x0000000700000000)
  object space 21504K, 29% used [0x00000006fae00000,0x00000006fb41e090,0x00000006fc300000)
}
Event: 102,184 GC heap before
{Heap before GC invocations=31 (full 7):
 PSYoungGen      total 581120K, used 421376K [0x00000007aaa80000, 0x00000007db580000, 0x0000000800000000)
  eden space 421376K, 100% used [0x00000007aaa80000,0x00000007c4600000,0x00000007c4600000)
  from space 159744K, 0% used [0x00000007c4600000,0x00000007c4600000,0x00000007ce200000)
  to   space 153088K, 0% used [0x00000007d2000000,0x00000007d2000000,0x00000007db580000)
 ParOldGen       total 766464K, used 544481K [0x0000000700000000, 0x000000072ec80000, 0x00000007aaa80000)
  object space 766464K, 71% used [0x0000000700000000,0x00000007213b85d0,0x000000072ec80000)
 PSPermGen       total 21504K, used 6266K [0x00000006fae00000, 0x00000006fc300000, 0x0000000700000000)
  object space 21504K, 29% used [0x00000006fae00000,0x00000006fb41e8a0,0x00000006fc300000)
Event: 102,398 GC heap after
Heap after GC invocations=31 (full 7):
 PSYoungGen      total 598528K, used 56012K [0x00000007aaa80000, 0x00000007d9680000, 0x0000000800000000)
  eden space 477184K, 0% used [0x00000007aaa80000,0x00000007aaa80000,0x00000007c7c80000)
  from space 121344K, 46% used [0x00000007d2000000,0x00000007d56b3298,0x00000007d9680000)
  to   space 144384K, 0% used [0x00000007c7c80000,0x00000007c7c80000,0x00000007d0980000)
 ParOldGen       total 766464K, used 544481K [0x0000000700000000, 0x000000072ec80000, 0x00000007aaa80000)
  object space 766464K, 71% used [0x0000000700000000,0x00000007213b85d0,0x000000072ec80000)
 PSPermGen       total 21504K, used 6266K [0x00000006fae00000, 0x00000006fc300000, 0x0000000700000000)
  object space 21504K, 29% used [0x00000006fae00000,0x00000006fb41e8a0,0x00000006fc300000)
}
Event: 105,289 GC heap before
{Heap before GC invocations=32 (full 7):
 PSYoungGen      total 598528K, used 533196K [0x00000007aaa80000, 0x00000007d9680000, 0x0000000800000000)
  eden space 477184K, 100% used [0x00000007aaa80000,0x00000007c7c80000,0x00000007c7c80000)
  from space 121344K, 46% used [0x00000007d2000000,0x00000007d56b3298,0x00000007d9680000)
  to   space 144384K, 0% used [0x00000007c7c80000,0x00000007c7c80000,0x00000007d0980000)
 ParOldGen       total 766464K, used 544481K [0x0000000700000000, 0x000000072ec80000, 0x00000007aaa80000)
  object space 766464K, 71% used [0x0000000700000000,0x00000007213b85d0,0x000000072ec80000)
 PSPermGen       total 21504K, used 6271K [0x00000006fae00000, 0x00000006fc300000, 0x0000000700000000)
  object space 21504K, 29% used [0x00000006fae00000,0x00000006fb41fe58,0x00000006fc300000)
Event: 105,696 GC heap after
Heap after GC invocations=32 (full 7):
 PSYoungGen      total 621568K, used 130261K [0x00000007aaa80000, 0x00000007de780000, 0x0000000800000000)
  eden space 477184K, 0% used [0x00000007aaa80000,0x00000007aaa80000,0x00000007c7c80000)
  from space 144384K, 90% used [0x00000007c7c80000,0x00000007cfbb56c8,0x00000007d0980000)
  to   space 162304K, 0% used [0x00000007d4900000,0x00000007d4900000,0x00000007de780000)
 ParOldGen       total 766464K, used 544481K [0x0000000700000000, 0x000000072ec80000, 0x00000007aaa80000)
  object space 766464K, 71% used [0x0000000700000000,0x00000007213b85d0,0x000000072ec80000)
 PSPermGen       total 21504K, used 6271K [0x00000006fae00000, 0x00000006fc300000, 0x0000000700000000)
  object space 21504K, 29% used [0x00000006fae00000,0x00000006fb41fe58,0x00000006fc300000)
}
Event: 108,028 GC heap before
{Heap before GC invocations=33 (full 7):
 PSYoungGen      total 621568K, used 607445K [0x00000007aaa80000, 0x00000007de780000, 0x0000000800000000)
  eden space 477184K, 100% used [0x00000007aaa80000,0x00000007c7c80000,0x00000007c7c80000)
  from space 144384K, 90% used [0x00000007c7c80000,0x00000007cfbb56c8,0x00000007d0980000)
  to   space 162304K, 0% used [0x00000007d4900000,0x00000007d4900000,0x00000007de780000)
 ParOldGen       total 766464K, used 544481K [0x0000000700000000, 0x000000072ec80000, 0x00000007aaa80000)
  object space 766464K, 71% used [0x0000000700000000,0x00000007213b85d0,0x000000072ec80000)
 PSPermGen       total 21504K, used 6272K [0x00000006fae00000, 0x00000006fc300000, 0x0000000700000000)
  object space 21504K, 29% used [0x00000006fae00000,0x00000006fb420210,0x00000006fc300000)

